-250 -250 -250 -249 -249 -249 -249 -249 -249 -248 
-247 -247 -247 -247 -247 -246 -246 -245 -244 -244 
-244 -244 -244 -243 -242 -242 -242 -241 -241 -240 
-240 -240 -239 -239 -239 -238 -238 -237 -236 -236 
-236 -236 -236 -235 -235 -235 -235 -234 -234 -234 
-233 -233 -232 -232 -231 -231 -231 -230 -230 -228 
-226 -226 -225 -225 -225 -224 -222 -222 -222 -221 
-221 -220 -220 -219 -219 -219 -218 -217 -217 -217 
-217 -216 -216 -216 -216 -215 -215 -214 -214 -213 
-213 -212 -211 -211 -210 -210 -208 -208 -208 -207 
-207 -207 -207 -206 -206 -206 -206 -205 -205 -205 
-204 -204 -203 -202 -202 -202 -201 -201 -201 -200 
-200 -200 -199 -199 -198 -197 -197 -197 -197 -196 
-196 -196 -196 -195 -195 -195 -194 -193 -193 -193 
-193 -193 -190 -190 -190 -190 -189 -188 -187 -187 
-187 -186 -186 -186 -185 -185 -184 -184 -183 -183 
-180 -180 -179 -177 -176 -175 -174 -174 -171 -171 
-171 -170 -170 -170 -169 -169 -168 -167 -166 -165 
-164 -163 -163 -162 -161 -161 -161 -161 -160 -160 
-160 -159 -159 -159 -158 -158 -157 -157 -156 -156 
-156 -156 -156 -155 -154 -154 -153 -153 -153 -152 
-152 -151 -150 -149 -149 -148 -147 -147 -147 -145 
-145 -144 -143 -143 -143 -142 -142 -142 -141 -140 
-140 -139 -138 -138 -138 -138 -137 -137 -137 -136 
-136 -135 -135 -134 -134 -134 -133 -130 -129 -129 
-129 -128 -127 -127 -127 -127 -127 -127 -126 -126 
-125 -125 -125 -125 -124 -123 -123 -123 -122 -121 
-121 -121 -120 -120 -119 -118 -117 -117 -117 -117 
-115 -115 -113 -113 -113 -112 -112 -111 -111 -110 
-110 -109 -109 -109 -108 -107 -107 -106 -106 -104 
-102 -101 -101 -100 -100 -100 -100 -100 -99 -99 
-99 -98 -98 -98 -98 -97 -96 -95 -94 -93 
-93 -92 -92 -92 -91 -89 -89 -89 -88 -88 
-87 -87 -86 -85 -85 -84 -84 -84 -84 -83 
-83 -82 -81 -81 -81 -81 -81 -81 -80 -79 
-79 -79 -79 -79 -78 -77 -75 -75 -75 -74 
-74 -74 -74 -73 -73 -72 -71 -71 -71 -71 
-70 -70 -67 -66 -66 -62 -61 -61 -60 -58 
-58 -57 -57 -56 -55 -55 -55 -54 -54 -54 
-53 -52 -52 -52 -52 -51 -51 -50 -50 -50 
-47 -47 -47 -46 -45 -43 -42 -42 -41 -41 
-41 -40 -40 -40 -40 -40 -39 -39 -39 -39 
-39 -38 -36 -36 -35 -34 -34 -33 -33 -33 
-32 -32 -31 -31 -31 -30 -30 -30 -30 -30 
-30 -29 -28 -27 -27 -27 -26 -24 -24 -23 
-23 -22 -22 -22 -22 -22 -21 -21 -21 -20 
-20 -20 -19 -19 -19 -19 -19 -18 -18 -17 
-16 -16 -15 -15 -15 -14 -13 -13 -13 -12 
-12 -12 -12 -11 -11 -10 -10 -9 -8 -7 
-6 -6 -6 -6 -5 -5 -5 -5 -4 -3 
-3 -3 -3 -3 -2 -2 -1 -1 -1 0 
1 1 2 2 2 2 2 3 3 4 
4 5 6 7 8 8 8 9 9 10 
10 10 11 11 11 11 12 12 12 13 
14 15 16 16 16 17 17 17 17 19 
19 20 21 21 22 22 23 23 24 24 
25 25 26 26 26 28 28 28 30 31 
31 31 33 33 33 34 34 34 35 35 
36 37 37 38 38 38 38 39 39 39 
39 40 40 40 41 41 43 43 44 45 
45 45 45 47 47 48 48 48 48 48 
49 49 49 49 49 50 50 51 51 51 
52 53 53 53 54 54 55 55 55 57 
57 58 58 60 60 61 61 62 63 63 
63 64 65 65 66 66 66 67 67 68 
68 68 69 69 69 69 70 70 71 71 
71 71 71 72 74 74 74 74 75 75 
75 75 76 77 77 77 77 78 78 78 
79 81 81 81 82 82 82 83 84 85 
85 85 85 86 86 86 87 88 90 90 
92 92 92 94 94 94 95 96 97 97 
98 99 99 100 102 102 102 102 103 103 
104 104 104 105 106 106 106 107 107 107 
107 107 107 108 108 109 109 110 110 113 
113 114 114 115 115 115 115 115 116 116 
117 118 118 120 120 120 120 120 121 121 
122 123 123 124 124 125 126 127 127 127 
127 128 128 128 128 129 129 129 129 129 
130 130 131 132 132 134 134 134 135 135 
135 135 135 139 140 140 140 141 141 141 
141 143 143 144 144 145 145 146 146 147 
147 147 147 148 148 149 149 150 150 150 
150 151 151 153 153 153 153 154 154 154 
155 155 156 157 158 159 160 160 160 160 
160 161 162 162 162 163 164 164 165 165 
165 165 165 167 168 168 168 168 169 169 
170 170 170 171 171 173 173 174 174 175 
176 177 178 179 179 180 180 180 181 181 
183 183 184 184 184 185 185 186 186 186 
187 188 189 189 189 189 190 190 191 191 
192 192 193 194 194 194 195 197 197 197 
197 197 197 198 199 200 200 200 200 201 
201 203 204 204 204 205 205 205 206 208 
208 209 209 210 210 210 211 211 212 212 
213 213 213 215 216 216 217 217 217 217 
218 218 218 219 220 221 221 221 222 222 
223 223 223 224 226 226 226 227 227 228 
229 229 230 230 230 231 231 233 233 234 
235 237 237 237 239 239 239 240 241 241 
242 242 244 244 245 246 246 246 247 248 
